{"level":"info","message":"🚀 Server running on port 3000 in development mode","service":"airline-booking-system","timestamp":"2025-11-24 00:01:16"}
{"level":"info","message":"✅ MySQL Database connected successfully","service":"airline-booking-system","timestamp":"2025-11-24 00:01:16"}
{"level":"info","message":"🚀 Server running on port 3000 in development mode","service":"airline-booking-system","timestamp":"2025-11-24 00:03:10"}
{"level":"info","message":"✅ MySQL Database connected successfully","service":"airline-booking-system","timestamp":"2025-11-24 00:03:10"}
{"error":"notNull Violation: Airplane.model_number cannot be null","level":"error","message":"Something went wrong in the crud repo: create","service":"airline-booking-system","stack":"SequelizeValidationError: notNull Violation: Airplane.model_number cannot be null\n    at InstanceValidator._validate (E:\\Projects\\airline-booking-system\\node_modules\\sequelize\\lib\\instance-validator.js:50:13)\n    at process.processTicksAndRejections (node:internal/process/task_queues:105:5)\n    at async InstanceValidator._validateAndRunHooks (E:\\Projects\\airline-booking-system\\node_modules\\sequelize\\lib\\instance-validator.js:60:7)\n    at async InstanceValidator.validate (E:\\Projects\\airline-booking-system\\node_modules\\sequelize\\lib\\instance-validator.js:54:12)\n    at async Airplane.save (E:\\Projects\\airline-booking-system\\node_modules\\sequelize\\lib\\model.js:2426:7)\n    at async Airplane.create (E:\\Projects\\airline-booking-system\\node_modules\\sequelize\\lib\\model.js:1362:12)\n    at async AirplaneRepository.create (E:\\Projects\\airline-booking-system\\src\\repositories\\crud-repository.js:11:24)\n    at async Object.createAirplane (E:\\Projects\\airline-booking-system\\src\\services\\airplane-service.js:7:26)\n    at async createAirplane (E:\\Projects\\airline-booking-system\\src\\controllers\\airplane-controller.js:7:26)","timestamp":"2025-11-24 00:03:44"}
{"level":"info","message":"🚀 Server running on port 3000 in development mode","service":"airline-booking-system","timestamp":"2025-11-24 00:06:49"}
{"level":"info","message":"✅ MySQL Database connected successfully","service":"airline-booking-system","timestamp":"2025-11-24 00:06:49"}
{"level":"info","message":"🚀 Server running on port 3000 in development mode","service":"airline-booking-system","timestamp":"2025-11-24 00:06:51"}
{"level":"info","message":"✅ MySQL Database connected successfully","service":"airline-booking-system","timestamp":"2025-11-24 00:06:51"}
{"level":"info","message":"🚀 Server running on port 3000 in development mode","service":"airline-booking-system","timestamp":"2025-11-24 00:07:21"}
{"level":"info","message":"✅ MySQL Database connected successfully","service":"airline-booking-system","timestamp":"2025-11-24 00:07:21"}
{"level":"info","message":"🚀 Server running on port 3000 in development mode","service":"airline-booking-system","timestamp":"2025-11-24 00:07:36"}
{"level":"info","message":"✅ MySQL Database connected successfully","service":"airline-booking-system","timestamp":"2025-11-24 00:07:36"}
{"error":"Unknown column 'model_number' in 'field list'","level":"error","message":"Something went wrong in the crud repo: create","service":"airline-booking-system","stack":"Error\n    at Query.run (E:\\Projects\\airline-booking-system\\node_modules\\sequelize\\lib\\dialects\\mysql\\query.js:52:25)\n    at E:\\Projects\\airline-booking-system\\node_modules\\sequelize\\lib\\sequelize.js:315:28\n    at process.processTicksAndRejections (node:internal/process/task_queues:105:5)\n    at async MySQLQueryInterface.insert (E:\\Projects\\airline-booking-system\\node_modules\\sequelize\\lib\\dialects\\abstract\\query-interface.js:308:21)\n    at async Airplane.save (E:\\Projects\\airline-booking-system\\node_modules\\sequelize\\lib\\model.js:2490:35)\n    at async Airplane.create (E:\\Projects\\airline-booking-system\\node_modules\\sequelize\\lib\\model.js:1362:12)\n    at async AirplaneRepository.create (E:\\Projects\\airline-booking-system\\src\\repositories\\crud-repository.js:11:24)\n    at async Object.createAirplane (E:\\Projects\\airline-booking-system\\src\\services\\airplane-service.js:7:26)\n    at async createAirplane (E:\\Projects\\airline-booking-system\\src\\controllers\\airplane-controller.js:7:26)","timestamp":"2025-11-24 00:07:51"}
{"level":"info","message":"🚀 Server running on port 3000 in development mode","service":"airline-booking-system","timestamp":"2025-11-24 00:09:36"}
{"level":"info","message":"✅ MySQL Database connected successfully","service":"airline-booking-system","timestamp":"2025-11-24 00:09:37"}
{"level":"info","message":"🚀 Server running on port 3000 in development mode","service":"airline-booking-system","timestamp":"2025-11-24 00:10:47"}
{"level":"info","message":"✅ MySQL Database connected successfully","service":"airline-booking-system","timestamp":"2025-11-24 00:10:47"}
{"level":"info","message":"🚀 Server running on port 3000 in development mode","service":"airline-booking-system","timestamp":"2025-11-24 16:50:33"}
{"level":"info","message":"✅ MySQL Database connected successfully","service":"airline-booking-system","timestamp":"2025-11-24 16:50:33"}
{"error":"Validation error: Validation isAlphanumeric on modelNumber failed","level":"error","message":"Something went wrong in the crud repo: create","service":"airline-booking-system","stack":"SequelizeValidationError: Validation error: Validation isAlphanumeric on modelNumber failed\n    at InstanceValidator._validate (E:\\Projects\\airline-booking-system\\node_modules\\sequelize\\lib\\instance-validator.js:50:13)\n    at process.processTicksAndRejections (node:internal/process/task_queues:105:5)\n    at async InstanceValidator._validateAndRunHooks (E:\\Projects\\airline-booking-system\\node_modules\\sequelize\\lib\\instance-validator.js:60:7)\n    at async InstanceValidator.validate (E:\\Projects\\airline-booking-system\\node_modules\\sequelize\\lib\\instance-validator.js:54:12)\n    at async Airplane.save (E:\\Projects\\airline-booking-system\\node_modules\\sequelize\\lib\\model.js:2426:7)\n    at async Airplane.create (E:\\Projects\\airline-booking-system\\node_modules\\sequelize\\lib\\model.js:1362:12)\n    at async AirplaneRepository.create (E:\\Projects\\airline-booking-system\\src\\repositories\\crud-repository.js:11:24)\n    at async Object.createAirplane (E:\\Projects\\airline-booking-system\\src\\services\\airplane-service.js:11:26)\n    at async createAirplane (E:\\Projects\\airline-booking-system\\src\\controllers\\airplane-controller.js:8:26)","timestamp":"2025-11-24 16:50:57"}
{"error":"Validation error: Validation max on capacity failed","level":"error","message":"Something went wrong in the crud repo: create","service":"airline-booking-system","stack":"SequelizeValidationError: Validation error: Validation max on capacity failed\n    at InstanceValidator._validate (E:\\Projects\\airline-booking-system\\node_modules\\sequelize\\lib\\instance-validator.js:50:13)\n    at process.processTicksAndRejections (node:internal/process/task_queues:105:5)\n    at async InstanceValidator._validateAndRunHooks (E:\\Projects\\airline-booking-system\\node_modules\\sequelize\\lib\\instance-validator.js:60:7)\n    at async InstanceValidator.validate (E:\\Projects\\airline-booking-system\\node_modules\\sequelize\\lib\\instance-validator.js:54:12)\n    at async Airplane.save (E:\\Projects\\airline-booking-system\\node_modules\\sequelize\\lib\\model.js:2426:7)\n    at async Airplane.create (E:\\Projects\\airline-booking-system\\node_modules\\sequelize\\lib\\model.js:1362:12)\n    at async AirplaneRepository.create (E:\\Projects\\airline-booking-system\\src\\repositories\\crud-repository.js:11:24)\n    at async Object.createAirplane (E:\\Projects\\airline-booking-system\\src\\services\\airplane-service.js:11:26)\n    at async createAirplane (E:\\Projects\\airline-booking-system\\src\\controllers\\airplane-controller.js:8:26)","timestamp":"2025-11-24 16:52:43"}
{"error":"Validation error: Validation isAlphanumeric on modelNumber failed","level":"error","message":"Something went wrong in the crud repo: create","service":"airline-booking-system","stack":"SequelizeValidationError: Validation error: Validation isAlphanumeric on modelNumber failed\n    at InstanceValidator._validate (E:\\Projects\\airline-booking-system\\node_modules\\sequelize\\lib\\instance-validator.js:50:13)\n    at process.processTicksAndRejections (node:internal/process/task_queues:105:5)\n    at async InstanceValidator._validateAndRunHooks (E:\\Projects\\airline-booking-system\\node_modules\\sequelize\\lib\\instance-validator.js:60:7)\n    at async InstanceValidator.validate (E:\\Projects\\airline-booking-system\\node_modules\\sequelize\\lib\\instance-validator.js:54:12)\n    at async Airplane.save (E:\\Projects\\airline-booking-system\\node_modules\\sequelize\\lib\\model.js:2426:7)\n    at async Airplane.create (E:\\Projects\\airline-booking-system\\node_modules\\sequelize\\lib\\model.js:1362:12)\n    at async AirplaneRepository.create (E:\\Projects\\airline-booking-system\\src\\repositories\\crud-repository.js:11:24)\n    at async Object.createAirplane (E:\\Projects\\airline-booking-system\\src\\services\\airplane-service.js:11:26)\n    at async createAirplane (E:\\Projects\\airline-booking-system\\src\\controllers\\airplane-controller.js:8:26)","timestamp":"2025-11-24 16:52:54"}
{"level":"info","message":"🚀 Server running on port 3000 in development mode","service":"airline-booking-system","timestamp":"2025-11-24 22:30:59"}
{"level":"info","message":"✅ MySQL Database connected successfully","service":"airline-booking-system","timestamp":"2025-11-24 22:30:59"}
{"level":"info","message":"🚀 Server running on port 3000 in development mode","service":"airline-booking-system","timestamp":"2025-11-24 22:31:48"}
{"level":"info","message":"✅ MySQL Database connected successfully","service":"airline-booking-system","timestamp":"2025-11-24 22:31:48"}
{"level":"info","message":"🚀 Server running on port 3000 in development mode","service":"airline-booking-system","timestamp":"2025-11-24 22:31:52"}
{"level":"info","message":"✅ MySQL Database connected successfully","service":"airline-booking-system","timestamp":"2025-11-24 22:31:52"}
{"level":"info","message":"🚀 Server running on port 3000 in development mode","service":"airline-booking-system","timestamp":"2025-11-24 22:32:38"}
{"level":"info","message":"✅ MySQL Database connected successfully","service":"airline-booking-system","timestamp":"2025-11-24 22:32:39"}
{"level":"info","message":"🚀 Server running on port 3000 in development mode","service":"airline-booking-system","timestamp":"2025-11-24 22:35:26"}
{"level":"info","message":"✅ MySQL Database connected successfully","service":"airline-booking-system","timestamp":"2025-11-24 22:35:26"}
{"level":"info","message":"🚀 Server running on port 3000 in development mode","service":"airline-booking-system","timestamp":"2025-11-24 22:35:42"}
{"level":"info","message":"✅ MySQL Database connected successfully","service":"airline-booking-system","timestamp":"2025-11-24 22:35:42"}
{"level":"info","message":"🚀 Server running on port 3000 in development mode","service":"airline-booking-system","timestamp":"2025-11-24 22:48:01"}
{"level":"info","message":"✅ MySQL Database connected successfully","service":"airline-booking-system","timestamp":"2025-11-24 22:48:01"}
{"level":"info","message":"🚀 Server running on port 3000 in development mode","service":"airline-booking-system","timestamp":"2025-11-24 22:51:29"}
{"level":"info","message":"✅ MySQL Database connected successfully","service":"airline-booking-system","timestamp":"2025-11-24 22:51:29"}
{"level":"info","message":"🚀 Server running on port 3000 in development mode","service":"airline-booking-system","timestamp":"2025-11-24 22:51:30"}
{"level":"info","message":"✅ MySQL Database connected successfully","service":"airline-booking-system","timestamp":"2025-11-24 22:51:30"}
